<?xml version="1.0" encoding="UTF-8"?>
<!-- Generated by org.testng.reporters.JUnitReportReporter -->
<testsuite hostname="DESKTOP-6VDSDNJ" failures="0" tests="2" name="com.practice.ParallelExecution3" time="9.760" errors="0" timestamp="2023-01-21T12:34:16 IST" skipped="0">
  <testcase classname="com.practice.ParallelExecution3" name="test9" time="4.848"/>
  <system-out/>
  <testcase classname="com.practice.ParallelExecution3" name="test9" time="4.912"/>
  <system-out/>
</testsuite> <!-- com.practice.ParallelExecution3 -->
