<?xml version="1.0" encoding="UTF-8"?>
<!-- Generated by org.testng.reporters.JUnitReportReporter -->
<testsuite hostname="DESKTOP-6VDSDNJ" failures="0" tests="1" name="com.practice.TestNgPractice3" time="0.001" errors="0" timestamp="2023-01-21T11:15:17 IST" skipped="0">
  <testcase classname="com.practice.TestNgPractice3" name="test1" time="0.001"/>
  <system-out/>
</testsuite> <!-- com.practice.TestNgPractice3 -->
