<?xml version="1.0" encoding="UTF-8"?>
<!-- Generated by org.testng.reporters.JUnitReportReporter -->
<testsuite hostname="DESKTOP-6VDSDNJ" failures="0" tests="2" name="com.practice.ParallelExecution2" time="7.644" errors="0" timestamp="2023-01-21T12:34:16 IST" skipped="0">
  <testcase classname="com.practice.ParallelExecution2" name="test5" time="3.938"/>
  <system-out/>
  <testcase classname="com.practice.ParallelExecution2" name="test5" time="3.706"/>
  <system-out/>
</testsuite> <!-- com.practice.ParallelExecution2 -->
