<?xml version="1.0" encoding="UTF-8"?>
<!-- Generated by org.testng.reporters.JUnitReportReporter -->
<testsuite hostname="DESKTOP-6VDSDNJ" failures="0" tests="1" name="com.ecommerce.myaddress.FacebookTest" time="3.109" errors="0" timestamp="2022-12-14T22:26:21 IST" skipped="0">
  <testcase classname="com.ecommerce.myaddress.FacebookTest" name="loginFacebook" time="3.109"/>
  <system-out/>
</testsuite> <!-- com.ecommerce.myaddress.FacebookTest -->
