<?xml version="1.0" encoding="UTF-8"?>
<!-- Generated by org.testng.reporters.JUnitReportReporter -->
<testsuite hostname="DESKTOP-6VDSDNJ" failures="0" tests="3" name="com.practice.Prioriry" time="0.003" errors="0" timestamp="2022-12-06T12:59:16 IST" skipped="0">
  <testcase classname="com.practice.Prioriry" name="test2" time="0.001"/>
  <system-out/>
  <testcase classname="com.practice.Prioriry" name="test1" time="0.001"/>
  <system-out/>
  <testcase classname="com.practice.Prioriry" name="test3" time="0.001"/>
  <system-out/>
</testsuite> <!-- com.practice.Prioriry -->
