<?xml version="1.0" encoding="UTF-8"?>
<!-- Generated by org.testng.reporters.JUnitReportReporter -->
<testsuite hostname="DESKTOP-6VDSDNJ" failures="0" tests="1" name="com.practice.TestNGPractice1" time="0.008" errors="0" timestamp="2022-12-15T09:27:09 IST" skipped="0">
  <testcase classname="com.practice.TestNGPractice1" name="test2" time="0.008"/>
  <system-out/>
</testsuite> <!-- com.practice.TestNGPractice1 -->
