<?xml version="1.0" encoding="UTF-8"?>
<!-- Generated by org.testng.reporters.JUnitReportReporter -->
<testsuite hostname="DESKTOP-6VDSDNJ" failures="0" tests="2" name="com.practice.ParallelEecution1" time="7.542" errors="0" timestamp="2023-01-21T12:34:16 IST" skipped="0">
  <testcase classname="com.practice.ParallelEecution1" name="test1" time="3.847"/>
  <system-out/>
  <testcase classname="com.practice.ParallelEecution1" name="test1" time="3.695"/>
  <system-out/>
</testsuite> <!-- com.practice.ParallelEecution1 -->
