<?xml version="1.0" encoding="UTF-8"?>
<!-- Generated by org.testng.reporters.JUnitReportReporter -->
<testsuite hostname="DESKTOP-6VDSDNJ" failures="0" tests="1" name="com.practice.MainClass2" time="0.003" errors="0" timestamp="2022-12-06T12:59:16 IST" skipped="0">
  <testcase classname="com.practice.MainClass2" name="test5" time="0.003"/>
  <system-out/>
</testsuite> <!-- com.practice.MainClass2 -->
