<?xml version="1.0" encoding="UTF-8"?>
<!-- Generated by org.testng.reporters.JUnitReportReporter -->
<testsuite hostname="DESKTOP-6VDSDNJ" failures="0" tests="1" name="com.practice.GridPractice" time="13.606" errors="0" timestamp="2022-12-27T09:39:42 IST" skipped="0">
  <testcase classname="com.practice.GridPractice" name="test" time="13.606"/>
  <system-out/>
</testsuite> <!-- com.practice.GridPractice -->
