<?xml version="1.0" encoding="UTF-8"?>
<!-- Generated by org.testng.reporters.JUnitReportReporter -->
<testsuite hostname="DESKTOP-6VDSDNJ" failures="0" tests="1" name="com.ecommerce.myaddress.CartTest" time="8.677" errors="0" timestamp="2022-12-14T13:09:06 IST" skipped="0">
  <testcase classname="com.ecommerce.myaddress.CartTest" name="AddingProductToTheCart" time="8.677"/>
  <system-out/>
</testsuite> <!-- com.ecommerce.myaddress.CartTest -->
