<?xml version="1.0" encoding="UTF-8"?>
<!-- Generated by org.testng.reporters.JUnitReportReporter -->
<testsuite hostname="DESKTOP-6VDSDNJ" failures="0" tests="1" name="com.practice.ShadowElementTest" time="2.167" errors="0" timestamp="2022-12-21T17:35:39 IST" skipped="0">
  <testcase classname="com.practice.ShadowElementTest" name="test1" time="2.167"/>
  <system-out/>
</testsuite> <!-- com.practice.ShadowElementTest -->
