<?xml version="1.0" encoding="UTF-8"?>
<!-- Generated by org.testng.reporters.JUnitReportReporter -->
<testsuite hostname="DESKTOP-6VDSDNJ" failures="0" tests="1" name="com.ecommerce.myaddress.UserAddingAddressTest" time="13.365" errors="0" timestamp="2022-12-03T12:36:17 IST" skipped="0">
  <testcase classname="com.ecommerce.myaddress.UserAddingAddressTest" name="test2" time="13.365"/>
  <system-out/>
</testsuite> <!-- com.ecommerce.myaddress.UserAddingAddressTest -->
