<?xml version="1.0" encoding="UTF-8"?>
<!-- Generated by org.testng.reporters.JUnitReportReporter -->
<testsuite hostname="DESKTOP-6VDSDNJ" failures="0" tests="10" name="com.practice.DataProvider2" time="0.013" errors="0" timestamp="2022-12-05T19:35:42 IST" skipped="0">
  <testcase classname="com.practice.DataProvider2" name="getData" time="0.005"/>
  <system-out/>
  <testcase classname="com.practice.DataProvider2" name="getData" time="0.001"/>
  <system-out/>
  <testcase classname="com.practice.DataProvider2" name="getData" time="0.001"/>
  <system-out/>
  <testcase classname="com.practice.DataProvider2" name="getData" time="0.000"/>
  <system-out/>
  <testcase classname="com.practice.DataProvider2" name="getData" time="0.001"/>
  <system-out/>
  <testcase classname="com.practice.DataProvider2" name="getData" time="0.001"/>
  <system-out/>
  <testcase classname="com.practice.DataProvider2" name="getData" time="0.002"/>
  <system-out/>
  <testcase classname="com.practice.DataProvider2" name="getData" time="0.000"/>
  <system-out/>
  <testcase classname="com.practice.DataProvider2" name="getData" time="0.001"/>
  <system-out/>
  <testcase classname="com.practice.DataProvider2" name="getData" time="0.001"/>
  <system-out/>
</testsuite> <!-- com.practice.DataProvider2 -->
