<?xml version="1.0" encoding="UTF-8"?>
<!-- Generated by org.testng.reporters.JUnitReportReporter -->
<testsuite hostname="DESKTOP-6VDSDNJ" failures="0" tests="1" name="com.ecommerce.myaddress.AddressModuleTest" time="13.668" errors="0" timestamp="2022-12-21T12:29:03 IST" skipped="0">
  <testcase classname="com.ecommerce.myaddress.AddressModuleTest" name="UserAddingAddress" time="13.668"/>
  <system-out/>
</testsuite> <!-- com.ecommerce.myaddress.AddressModuleTest -->
