<?xml version="1.0" encoding="UTF-8"?>
<!-- Generated by org.testng.reporters.JUnitReportReporter -->
<testsuite hostname="DESKTOP-6VDSDNJ" failures="0" tests="1" name="com.ecommerce.myaddress.AddressModuleTest2" time="10.584" errors="0" timestamp="2022-12-16T15:02:27 IST" skipped="0">
  <testcase classname="com.ecommerce.myaddress.AddressModuleTest2" name="UserAddingAddress" time="10.584"/>
  <system-out/>
</testsuite> <!-- com.ecommerce.myaddress.AddressModuleTest2 -->
