<?xml version="1.0" encoding="UTF-8"?>
<!-- Generated by org.testng.reporters.JUnitReportReporter -->
<testsuite hostname="DESKTOP-6VDSDNJ" failures="0" tests="1" name="com.practice.DataProviderUsingArray2" time="0.000" errors="0" timestamp="2022-12-17T17:29:57 IST" skipped="1">
  <testcase classname="com.practice.DataProviderUsingArray2" name="getData" time="0.000">
    <skipped/>
  </testcase> <!-- getData -->
  <system-out/>
</testsuite> <!-- com.practice.DataProviderUsingArray2 -->
