<?xml version="1.0" encoding="UTF-8"?>
<!-- Generated by org.testng.reporters.JUnitReportReporter -->
<testsuite hostname="DESKTOP-6VDSDNJ" failures="0" tests="1" name="com.practice.FetchDataFromCMD" time="0.012" errors="0" timestamp="2022-12-14T17:12:17 IST" skipped="0">
  <testcase classname="com.practice.FetchDataFromCMD" name="test" time="0.012"/>
  <system-out/>
</testsuite> <!-- com.practice.FetchDataFromCMD -->
