<?xml version="1.0" encoding="UTF-8"?>
<!-- Generated by org.testng.reporters.JUnitReportReporter -->
<testsuite hostname="DESKTOP-6VDSDNJ" failures="0" tests="2" name="com.practice.ParallelExecution2" time="9.064" errors="0" timestamp="2023-01-18T17:52:37 IST" skipped="0">
  <testcase classname="com.practice.ParallelExecution2" name="test5" time="4.548"/>
  <system-out/>
  <testcase classname="com.practice.ParallelExecution2" name="test5" time="4.516"/>
  <system-out/>
</testsuite> <!-- com.practice.ParallelExecution2 -->
