<?xml version="1.0" encoding="UTF-8"?>
<!-- Generated by org.testng.reporters.JUnitReportReporter -->
<testsuite hostname="DESKTOP-6VDSDNJ" failures="0" tests="4" name="com.practice.DataProvider1" time="0.006" errors="0" timestamp="2022-12-06T12:59:16 IST" skipped="0">
  <testcase classname="com.practice.DataProvider1" name="test1" time="0.001"/>
  <system-out/>
  <testcase classname="com.practice.DataProvider1" name="test1" time="0.001"/>
  <system-out/>
  <testcase classname="com.practice.DataProvider1" name="test1" time="0.002"/>
  <system-out/>
  <testcase classname="com.practice.DataProvider1" name="test1" time="0.002"/>
  <system-out/>
</testsuite> <!-- com.practice.DataProvider1 -->
