<?xml version="1.0" encoding="UTF-8"?>
<!-- Generated by org.testng.reporters.JUnitReportReporter -->
<testsuite hostname="DESKTOP-6VDSDNJ" failures="0" tests="1" name="com.practice.MainClass1" time="0.008" errors="0" timestamp="2022-12-02T16:59:42 IST" skipped="0">
  <testcase classname="com.practice.MainClass1" name="test5" time="0.008"/>
  <system-out/>
</testsuite> <!-- com.practice.MainClass1 -->
