<?xml version="1.0" encoding="UTF-8"?>
<!-- Generated by org.testng.reporters.JUnitReportReporter -->
<testsuite hostname="DESKTOP-6VDSDNJ" failures="0" tests="1" name="com.ecommerse.merchantlogin1.MerchantAddingProductTest" time="10.125" errors="0" timestamp="2022-12-03T12:33:20 IST" skipped="0">
  <testcase classname="com.ecommerse.merchantlogin1.MerchantAddingProductTest" name="Test1" time="10.125"/>
  <system-out/>
</testsuite> <!-- com.ecommerse.merchantlogin1.MerchantAddingProductTest -->
