<?xml version="1.0" encoding="UTF-8"?>
<!-- Generated by org.testng.reporters.JUnitReportReporter -->
<testsuite hostname="DESKTOP-6VDSDNJ" failures="0" tests="2" name="com.practice.TestNG_practice4" time="0.002" errors="0" timestamp="2022-12-08T09:04:06 IST" skipped="0">
  <testcase classname="com.practice.TestNG_practice4" name="test7" time="0.001"/>
  <system-out/>
  <testcase classname="com.practice.TestNG_practice4" name="test6" time="0.001"/>
  <system-out/>
</testsuite> <!-- com.practice.TestNG_practice4 -->
