<?xml version="1.0" encoding="UTF-8"?>
<!-- Generated by org.testng.reporters.JUnitReportReporter -->
<testsuite hostname="DESKTOP-6VDSDNJ" failures="0" tests="1" name="com.ecommerce.myaddress.AddressModule2" time="11.416" errors="0" timestamp="2022-12-16T15:25:43 IST" skipped="0">
  <testcase classname="com.ecommerce.myaddress.AddressModule2" name="UserAddingAddress" time="11.416"/>
  <system-out/>
</testsuite> <!-- com.ecommerce.myaddress.AddressModule2 -->
