<?xml version="1.0" encoding="UTF-8"?>
<!-- Generated by org.testng.reporters.JUnitReportReporter -->
<testsuite hostname="DESKTOP-6VDSDNJ" failures="0" tests="2" name="com.practice.Priority1" time="0.008" errors="0" timestamp="2022-12-06T12:59:16 IST" skipped="0">
  <testcase classname="com.practice.Priority1" name="test5" time="0.006"/>
  <system-out/>
  <testcase classname="com.practice.Priority1" name="test5" time="0.002"/>
  <system-out/>
</testsuite> <!-- com.practice.Priority1 -->
