<?xml version="1.0" encoding="UTF-8"?>
<!-- Generated by org.testng.reporters.JUnitReportReporter -->
<testsuite hostname="DESKTOP-6VDSDNJ" failures="0" tests="2" name="com.practice.ParallelEecution1" time="7.999" errors="0" timestamp="2023-01-18T17:52:37 IST" skipped="0">
  <testcase classname="com.practice.ParallelEecution1" name="test1" time="4.163"/>
  <system-out/>
  <testcase classname="com.practice.ParallelEecution1" name="test1" time="3.836"/>
  <system-out/>
</testsuite> <!-- com.practice.ParallelEecution1 -->
