<?xml version="1.0" encoding="UTF-8"?>
<!-- Generated by org.testng.reporters.JUnitReportReporter -->
<testsuite hostname="DESKTOP-6VDSDNJ" failures="0" tests="1" name="com.ecommerce.myaddress.WishListTest" time="9.121" errors="0" timestamp="2022-12-14T13:09:06 IST" skipped="0">
  <testcase classname="com.ecommerce.myaddress.WishListTest" name="AddingproductToTheWishList" time="9.121"/>
  <system-out/>
</testsuite> <!-- com.ecommerce.myaddress.WishListTest -->
