<?xml version="1.0" encoding="UTF-8"?>
<!-- Generated by org.testng.reporters.JUnitReportReporter -->
<testsuite hostname="DESKTOP-6VDSDNJ" name="com.ecommerce.myaddress.CartTest" tests="1" failures="0" timestamp="14 Dec 2022 14:18:10 GMT" time="10.053" errors="0">
  <testcase name="AddingProductToTheCart" time="10.053" classname="com.ecommerce.myaddress.CartTest"/>
</testsuite> <!-- com.ecommerce.myaddress.CartTest -->
