<?xml version="1.0" encoding="UTF-8"?>
<!-- Generated by org.testng.reporters.JUnitReportReporter -->
<testsuite hostname="DESKTOP-6VDSDNJ" name="com.practice.TestNG_practice4" tests="3" failures="0" timestamp="14 Dec 2022 14:18:10 GMT" time="0.000" errors="0">
  <testcase name="test7" time="0.000" classname="com.practice.TestNG_practice4"/>
  <testcase name="test6" time="0.000" classname="com.practice.TestNG_practice4"/>
  <testcase name="test8" time="0.000" classname="com.practice.TestNG_practice4"/>
</testsuite> <!-- com.practice.TestNG_practice4 -->
