<?xml version="1.0" encoding="UTF-8"?>
<!-- Generated by org.testng.reporters.JUnitReportReporter -->
<testsuite hostname="DESKTOP-6VDSDNJ" name="com.ecommerce.myaddress.FacebookTest" tests="1" failures="0" timestamp="15 Dec 2022 04:55:36 GMT" time="10.270" errors="0">
  <testcase name="loginFacebook" time="10.270" classname="com.ecommerce.myaddress.FacebookTest"/>
</testsuite> <!-- com.ecommerce.myaddress.FacebookTest -->
