<?xml version="1.0" encoding="UTF-8"?>
<!-- Generated by org.testng.reporters.JUnitReportReporter -->
<testsuite hostname="DESKTOP-6VDSDNJ" name="com.ecommerce.wishlist.AddressModuleTest" tests="1" failures="0" timestamp="15 Dec 2022 06:06:03 GMT" time="12.250" errors="0">
  <testcase name="UserAddingAddress" time="12.250" classname="com.ecommerce.wishlist.AddressModuleTest"/>
</testsuite> <!-- com.ecommerce.wishlist.AddressModuleTest -->
