<?xml version="1.0" encoding="UTF-8"?>
<!-- Generated by org.testng.reporters.JUnitReportReporter -->
<testsuite hostname="DESKTOP-6VDSDNJ" name="com.ecommerce.myaddress.AddressModuleTest" tests="1" failures="0" timestamp="14 Dec 2022 17:04:08 GMT" time="13.780" errors="0">
  <testcase name="UserAddingAddress" time="13.780" classname="com.ecommerce.myaddress.AddressModuleTest"/>
</testsuite> <!-- com.ecommerce.myaddress.AddressModuleTest -->
