<?xml version="1.0" encoding="UTF-8"?>
<!-- Generated by org.testng.reporters.JUnitReportReporter -->
<testsuite hostname="DESKTOP-6VDSDNJ" name="com.ecommerce.myaddress.FacebookTest" tests="1" failures="0" timestamp="26 Dec 2022 11:15:00 GMT" time="6.157" errors="0">
  <testcase name="loginFacebook" time="6.157" classname="com.ecommerce.myaddress.FacebookTest"/>
</testsuite> <!-- com.ecommerce.myaddress.FacebookTest -->
