<?xml version="1.0" encoding="UTF-8"?>
<!-- Generated by org.testng.reporters.JUnitReportReporter -->
<testsuite hostname="DESKTOP-6VDSDNJ" name="com.ecommerce.wishlist.WishListTest" tests="1" failures="0" timestamp="15 Dec 2022 06:06:03 GMT" time="9.077" errors="0">
  <testcase name="AddingproductToTheWishList" time="9.077" classname="com.ecommerce.wishlist.WishListTest"/>
</testsuite> <!-- com.ecommerce.wishlist.WishListTest -->
