<?xml version="1.0" encoding="UTF-8"?>
<!-- Generated by org.testng.reporters.JUnitReportReporter -->
<testsuite hostname="DESKTOP-6VDSDNJ" name="com.practice.TestNGPractice1" tests="1" failures="0" timestamp="15 Dec 2022 05:58:55 GMT" time="0.007" errors="0">
  <testcase name="test1" time="0.007" classname="com.practice.TestNGPractice1"/>
</testsuite> <!-- com.practice.TestNGPractice1 -->
