<?xml version="1.0" encoding="UTF-8"?>
<!-- Generated by org.testng.reporters.JUnitReportReporter -->
<testsuite hostname="DESKTOP-6VDSDNJ" name="com.practice.TestNgPractice3" tests="1" failures="0" timestamp="15 Dec 2022 05:58:55 GMT" time="0.000" errors="0">
  <testcase name="test1" time="0.000" classname="com.practice.TestNgPractice3"/>
</testsuite> <!-- com.practice.TestNgPractice3 -->
